TN:
SF:/home/markus.fluer/public_html/limesurveygit/assets/packages/filemanager/src/App.vue
FN:47,(anonymous_1)
FN:62,(anonymous_2)
FN:70,(anonymous_3)
FN:74,(anonymous_4)
FNF:4
FNH:3
FNDA:6,(anonymous_1)
FNDA:0,(anonymous_2)
FNDA:6,(anonymous_3)
FNDA:4,(anonymous_4)
DA:20,1
DA:21,1
DA:22,1
DA:35,11
DA:42,0
DA:43,0
DA:47,10
DA:49,6
DA:50,1
DA:56,6
DA:57,2
DA:62,6
DA:72,6
DA:76,4
DA:77,4
DA:78,4
LF:16
LH:14
BRDA:49,0,0,1
BRDA:49,0,1,5
BRDA:56,1,0,2
BRDA:56,1,1,4
BRF:4
BRH:4
end_of_record
TN:
SF:/home/markus.fluer/public_html/limesurveygit/assets/packages/filemanager/src/components/FileList.vue
FNF:0
FNH:0
DA:22,2
DA:23,2
DA:25,2
DA:38,4
DA:44,9
DA:45,3
LF:6
LH:6
BRF:0
BRH:0
end_of_record
TN:
SF:/home/markus.fluer/public_html/limesurveygit/assets/packages/filemanager/src/components/FolderList.vue
FNF:0
FNH:0
DA:3,2
DA:4,2
LF:2
LH:2
BRF:0
BRH:0
end_of_record
TN:
SF:/home/markus.fluer/public_html/limesurveygit/assets/packages/filemanager/src/components/NavBar.vue
FN:23,(anonymous_1)
FN:44,(anonymous_2)
FN:52,(anonymous_3)
FN:64,(anonymous_4)
FN:69,(anonymous_5)
FN:72,(anonymous_6)
FNF:6
FNH:2
FNDA:0,(anonymous_1)
FNDA:0,(anonymous_2)
FNDA:0,(anonymous_3)
FNDA:2,(anonymous_4)
FNDA:0,(anonymous_5)
FNDA:2,(anonymous_6)
DA:2,2
DA:3,2
DA:10,4
DA:14,6
DA:17,3
DA:22,0
DA:23,0
DA:24,0
DA:28,1
DA:43,0
DA:44,0
DA:45,0
DA:54,0
DA:59,1
DA:62,2
DA:63,2
DA:64,2
DA:66,2
DA:67,1
DA:71,0
DA:73,2
LF:21
LH:13
BRDA:17,0,0,1
BRDA:17,0,1,2
BRDA:66,1,0,1
BRDA:66,1,1,1
BRF:4
BRH:4
end_of_record
TN:
SF:/home/markus.fluer/public_html/limesurveygit/assets/packages/filemanager/src/components/subcomponents/_iconRepresentation.vue
FN:90,(anonymous_1)
FN:93,(anonymous_2)
FN:95,(anonymous_4)
FN:97,(anonymous_5)
FNF:4
FNH:4
FNDA:1,(anonymous_1)
FNDA:1,(anonymous_2)
FNDA:1,(anonymous_4)
FNDA:1,(anonymous_5)
DA:42,3
DA:47,11
DA:52,44
DA:53,0
DA:55,44
DA:56,43
DA:58,1
DA:59,1
DA:65,44
DA:66,44
DA:67,0
DA:69,44
DA:70,15
DA:71,15
DA:72,10
DA:74,15
DA:75,1
DA:78,44
DA:79,0
DA:81,44
DA:84,44
DA:87,133
DA:90,2
DA:92,1
DA:93,1
DA:95,0
DA:96,1
DA:99,1
DA:103,1
DA:106,1
DA:109,1
LF:31
LH:27
BRDA:52,0,0,0
BRDA:52,0,1,44
BRDA:55,1,0,43
BRDA:55,1,1,1
BRDA:55,2,0,44
BRDA:55,2,1,44
BRDA:58,3,0,1
BRDA:58,3,1,0
BRDA:66,4,0,0
BRDA:66,4,1,44
BRDA:69,5,0,15
BRDA:69,5,1,29
BRDA:71,6,0,10
BRDA:71,6,1,5
BRDA:74,7,0,1
BRDA:74,7,1,14
BRDA:78,8,0,0
BRDA:78,8,1,44
BRDA:87,9,0,133
BRDA:87,9,1,90
BRF:20
BRH:16
end_of_record
TN:
SF:/home/markus.fluer/public_html/limesurveygit/assets/packages/filemanager/src/components/subcomponents/_tableRepresentation.vue
FN:99,(anonymous_1)
FN:102,(anonymous_2)
FN:104,(anonymous_4)
FN:106,(anonymous_5)
FNF:4
FNH:4
FNDA:1,(anonymous_1)
FNDA:1,(anonymous_2)
FNDA:1,(anonymous_4)
FNDA:1,(anonymous_5)
DA:54,3
DA:59,11
DA:64,44
DA:65,0
DA:67,44
DA:68,43
DA:70,1
DA:71,1
DA:77,44
DA:80,44
DA:81,44
DA:82,0
DA:84,44
DA:85,15
DA:86,15
DA:87,10
DA:89,15
DA:90,1
DA:93,44
DA:96,133
DA:99,2
DA:101,1
DA:102,1
DA:104,0
DA:105,1
DA:108,1
DA:112,1
DA:115,1
DA:118,1
LF:29
LH:26
BRDA:64,0,0,0
BRDA:64,0,1,44
BRDA:67,1,0,43
BRDA:67,1,1,1
BRDA:67,2,0,44
BRDA:67,2,1,44
BRDA:70,3,0,1
BRDA:70,3,1,0
BRDA:81,4,0,0
BRDA:81,4,1,44
BRDA:84,5,0,15
BRDA:84,5,1,29
BRDA:86,6,0,10
BRDA:86,6,1,5
BRDA:89,7,0,1
BRDA:89,7,1,14
BRDA:96,8,0,133
BRDA:96,8,1,90
BRF:18
BRH:15
end_of_record
TN:
SF:/home/markus.fluer/public_html/limesurveygit/assets/packages/filemanager/src/components/subcomponents/_treeView.vue
FN:49,(anonymous_1)
FN:64,(anonymous_2)
FNF:2
FNH:1
FNDA:0,(anonymous_1)
FNDA:1,(anonymous_2)
DA:41,3
DA:50,0
DA:57,1
DA:60,16
DA:63,1
DA:64,1
DA:67,1
DA:71,17
DA:73,17
DA:74,8
DA:76,17
DA:77,9
DA:80,17
DA:81,1
DA:83,17
LF:15
LH:14
BRDA:73,0,0,8
BRDA:73,0,1,9
BRDA:76,1,0,9
BRDA:76,1,1,8
BRDA:80,2,0,1
BRDA:80,2,1,16
BRF:6
BRH:6
end_of_record
TN:
SF:/home/markus.fluer/public_html/limesurveygit/assets/packages/filemanager/src/components/subcomponents/_uploadModal.vue
FNF:0
FNH:0
DA:4,2
DA:13,0
DA:23,0
DA:24,0
DA:25,0
DA:26,0
DA:27,0
DA:31,0
DA:32,0
DA:33,0
DA:34,0
DA:35,0
DA:37,0
DA:43,0
LF:14
LH:1
BRDA:26,0,0,0
BRDA:26,0,1,0
BRF:2
BRH:0
end_of_record
