TN:
SF:C:\Developement\LimeSurveyDevelop\webroot\assets\packages\filemanager\src\App.vue
FN:37,(anonymous_1)
FN:44,(anonymous_2)
FNF:2
FNH:2
FNDA:4,(anonymous_1)
FNDA:4,(anonymous_2)
DA:14,1
DA:15,1
DA:16,1
DA:26,5
DA:32,0
DA:33,0
DA:37,4
DA:38,4
DA:39,1
DA:44,4
DA:45,4
LF:11
LH:9
BRDA:38,0,0,1
BRDA:38,0,1,3
BRF:2
BRH:2
end_of_record
TN:
SF:C:\Developement\LimeSurveyDevelop\webroot\assets\packages\filemanager\src\components\FileList.vue
FNF:0
FNH:0
DA:22,2
DA:23,2
DA:25,2
DA:38,4
DA:44,9
DA:45,3
LF:6
LH:6
BRF:0
BRH:0
end_of_record
TN:
SF:C:\Developement\LimeSurveyDevelop\webroot\assets\packages\filemanager\src\components\FolderList.vue
FNF:0
FNH:0
DA:3,2
DA:4,2
LF:2
LH:2
BRF:0
BRH:0
end_of_record
TN:
SF:C:\Developement\LimeSurveyDevelop\webroot\assets\packages\filemanager\src\components\NavBar.vue
FN:23,(anonymous_1)
FN:48,(anonymous_2)
FN:53,(anonymous_3)
FN:56,(anonymous_4)
FNF:4
FNH:2
FNDA:0,(anonymous_1)
FNDA:2,(anonymous_2)
FNDA:0,(anonymous_3)
FNDA:2,(anonymous_4)
DA:2,2
DA:3,2
DA:10,4
DA:14,6
DA:17,3
DA:22,0
DA:23,0
DA:24,0
DA:28,1
DA:43,1
DA:46,2
DA:47,2
DA:48,2
DA:50,2
DA:51,1
DA:55,0
DA:57,2
LF:17
LH:13
BRDA:17,0,0,1
BRDA:17,0,1,2
BRDA:50,1,0,1
BRDA:50,1,1,1
BRF:4
BRH:4
end_of_record
TN:
SF:C:\Developement\LimeSurveyDevelop\webroot\assets\packages\filemanager\src\components\subcomponents\_iconRepresentation.vue
FN:91,(anonymous_1)
FN:94,(anonymous_2)
FN:96,(anonymous_4)
FN:98,(anonymous_5)
FNF:4
FNH:0
FNDA:0,(anonymous_1)
FNDA:0,(anonymous_2)
FNDA:0,(anonymous_4)
FNDA:0,(anonymous_5)
DA:41,2
DA:46,0
DA:51,0
DA:52,0
DA:54,0
DA:55,0
DA:57,0
DA:58,0
DA:64,0
DA:69,0
DA:70,0
DA:71,0
DA:73,0
DA:74,0
DA:75,0
DA:76,0
DA:78,0
DA:79,0
DA:82,0
DA:85,0
DA:88,0
DA:91,0
DA:93,0
DA:94,0
DA:96,0
DA:97,0
DA:100,0
DA:104,0
DA:107,0
DA:110,0
LF:30
LH:1
BRDA:51,0,0,0
BRDA:51,0,1,0
BRDA:54,1,0,0
BRDA:54,1,1,0
BRDA:54,2,0,0
BRDA:54,2,1,0
BRDA:57,3,0,0
BRDA:57,3,1,0
BRDA:70,4,0,0
BRDA:70,4,1,0
BRDA:73,5,0,0
BRDA:73,5,1,0
BRDA:75,6,0,0
BRDA:75,6,1,0
BRDA:78,7,0,0
BRDA:78,7,1,0
BRDA:88,8,0,0
BRDA:88,8,1,0
BRF:18
BRH:0
end_of_record
TN:
SF:C:\Developement\LimeSurveyDevelop\webroot\assets\packages\filemanager\src\components\subcomponents\_tableRepresentation.vue
FN:93,(anonymous_1)
FN:96,(anonymous_2)
FN:98,(anonymous_4)
FN:100,(anonymous_5)
FNF:4
FNH:4
FNDA:1,(anonymous_1)
FNDA:1,(anonymous_2)
FNDA:1,(anonymous_4)
FNDA:1,(anonymous_5)
DA:48,3
DA:53,11
DA:58,44
DA:59,0
DA:61,44
DA:62,43
DA:64,1
DA:65,1
DA:71,44
DA:74,44
DA:75,44
DA:76,0
DA:78,44
DA:79,15
DA:80,15
DA:81,10
DA:83,15
DA:84,1
DA:87,44
DA:90,133
DA:93,2
DA:95,1
DA:96,1
DA:98,0
DA:99,1
DA:102,1
DA:106,1
DA:109,1
DA:112,1
LF:29
LH:26
BRDA:58,0,0,0
BRDA:58,0,1,44
BRDA:61,1,0,43
BRDA:61,1,1,1
BRDA:61,2,0,44
BRDA:61,2,1,44
BRDA:64,3,0,1
BRDA:64,3,1,0
BRDA:75,4,0,0
BRDA:75,4,1,44
BRDA:78,5,0,15
BRDA:78,5,1,29
BRDA:80,6,0,10
BRDA:80,6,1,5
BRDA:83,7,0,1
BRDA:83,7,1,14
BRDA:90,8,0,133
BRDA:90,8,1,90
BRF:18
BRH:15
end_of_record
TN:
SF:C:\Developement\LimeSurveyDevelop\webroot\assets\packages\filemanager\src\components\subcomponents\_treeView.vue
FN:10,(anonymous_1)
FN:24,(anonymous_2)
FNF:2
FNH:1
FNDA:0,(anonymous_1)
FNDA:1,(anonymous_2)
DA:2,3
DA:11,0
DA:17,3
DA:23,1
DA:24,1
DA:27,1
DA:31,13
DA:33,13
DA:34,6
DA:36,13
DA:37,7
DA:39,13
LF:12
LH:11
BRDA:33,0,0,6
BRDA:33,0,1,7
BRDA:36,1,0,7
BRDA:36,1,1,6
BRF:4
BRH:4
end_of_record
TN:
SF:C:\Developement\LimeSurveyDevelop\webroot\assets\packages\filemanager\src\components\subcomponents\_uploadModal.vue
FNF:0
FNH:0
DA:4,2
DA:13,0
DA:23,0
DA:24,0
DA:25,0
DA:29,0
LF:6
LH:1
BRF:0
BRH:0
end_of_record
