TN:
SF:C:\Developement\LimeSurveyDevelop\webroot\assets\packages\emailtemplates\src\EmailTemplatesApp.vue
FN:214,(anonymous_1)
FN:240,(anonymous_2)
FN:249,(anonymous_3)
FN:254,(anonymous_4)
FN:314,(anonymous_5)
FN:318,(anonymous_6)
FN:325,(anonymous_7)
FN:337,(anonymous_8)
FN:342,(anonymous_9)
FNF:9
FNH:5
FNDA:0,(anonymous_1)
FNDA:2,(anonymous_2)
FNDA:0,(anonymous_3)
FNDA:2,(anonymous_4)
FNDA:0,(anonymous_5)
FNDA:4,(anonymous_6)
FNDA:17,(anonymous_7)
FNDA:0,(anonymous_8)
FNDA:2,(anonymous_9)
DA:84,1
DA:85,1
DA:86,1
DA:88,1
DA:89,1
DA:90,1
DA:92,1
DA:93,1
DA:103,21
DA:119,0
DA:123,47
DA:124,0
DA:127,47
DA:130,0
DA:134,47
DA:138,89
DA:139,89
DA:140,89
DA:141,89
DA:142,89
DA:144,0
DA:146,89
DA:149,89
DA:152,0
DA:153,0
DA:155,0
DA:160,63
DA:164,89
DA:165,89
DA:166,89
DA:167,89
DA:168,89
DA:169,0
DA:171,89
DA:175,89
DA:178,0
DA:179,0
DA:181,0
DA:186,63
DA:189,63
DA:190,0
DA:192,21
DA:194,21
DA:199,2
DA:200,1
DA:202,1
DA:203,1
DA:206,0
DA:209,21
DA:210,21
DA:211,21
DA:212,21
DA:213,21
DA:214,21
DA:217,2
DA:218,2
DA:221,2
DA:222,2
DA:225,2
DA:226,2
DA:227,2
DA:228,0
DA:232,2
DA:233,2
DA:234,2
DA:235,0
DA:239,2
DA:240,2
DA:242,2
DA:243,0
DA:246,2
DA:247,2
DA:248,2
DA:251,0
DA:252,0
DA:255,2
DA:258,0
DA:259,0
DA:262,1
DA:263,1
DA:264,1
DA:265,1
DA:266,1
DA:267,1
DA:268,1
DA:272,1
DA:273,1
DA:275,1
DA:278,0
DA:279,0
DA:281,0
DA:283,0
DA:286,0
DA:295,0
DA:296,0
DA:297,0
DA:298,0
DA:302,0
DA:314,0
DA:318,21
DA:320,4
DA:321,0
DA:323,4
DA:324,4
DA:327,17
DA:328,17
DA:334,21
DA:335,21
DA:337,21
DA:338,0
DA:341,21
DA:342,21
DA:343,2
DA:346,21
LF:114
LH:81
BRDA:123,0,0,0
BRDA:123,0,1,47
BRDA:140,1,0,89
BRDA:140,1,1,0
BRDA:152,2,0,0
BRDA:152,2,1,0
BRDA:166,3,0,89
BRDA:166,3,1,0
BRDA:168,4,0,0
BRDA:168,4,1,89
BRDA:178,5,0,0
BRDA:178,5,1,0
BRDA:198,6,0,2
BRDA:199,7,0,1
BRDA:199,7,1,1
BRDA:199,8,0,2
BRDA:199,8,1,1
BRDA:202,9,0,2
BRDA:202,9,1,0
BRDA:227,10,0,0
BRDA:227,10,1,2
BRDA:234,11,0,0
BRDA:234,11,1,2
BRDA:238,12,0,2
BRDA:242,13,0,0
BRDA:242,13,1,2
BRDA:297,14,0,0
BRDA:297,14,1,0
BRDA:320,15,0,0
BRDA:320,15,1,4
BRDA:341,16,0,21
BRDA:341,16,1,0
BRF:32
BRH:16
end_of_record
TN:
SF:C:\Developement\LimeSurveyDevelop\webroot\assets\packages\emailtemplates\src\components\FileSelectModal.vue
FN:21,(anonymous_1)
FN:24,(anonymous_2)
FN:33,(anonymous_3)
FN:39,(anonymous_4)
FN:43,(anonymous_5)
FN:54,(anonymous_6)
FNF:6
FNH:5
FNDA:6,(anonymous_1)
FNDA:6,(anonymous_2)
FNDA:0,(anonymous_3)
FNDA:15,(anonymous_4)
FNDA:3,(anonymous_5)
FNDA:6,(anonymous_6)
DA:2,2
DA:8,6
DA:16,7
DA:21,6
DA:22,6
DA:30,6
DA:31,6
DA:32,6
DA:34,0
DA:39,40
DA:42,3
DA:43,5
DA:45,1
DA:49,1
DA:50,1
DA:54,6
DA:55,6
LF:17
LH:16
BRDA:42,0,0,2
BRDA:42,0,1,1
BRF:2
BRH:2
end_of_record
TN:
SF:C:\Developement\LimeSurveyDevelop\webroot\assets\packages\emailtemplates\src\components\ValidationScreen.vue
FN:38,(anonymous_1)
FN:43,(anonymous_2)
FNF:2
FNH:1
FNDA:5,(anonymous_1)
FNDA:0,(anonymous_2)
DA:2,2
DA:11,5
DA:20,18
DA:21,18
DA:22,18
DA:23,18
DA:24,18
DA:25,1
DA:26,1
DA:30,1
DA:31,1
DA:33,18
DA:37,5
DA:38,5
DA:40,5
DA:41,5
DA:42,5
DA:45,0
DA:46,0
LF:19
LH:17
BRF:0
BRH:0
end_of_record
TN:
SF:C:\Developement\LimeSurveyDevelop\webroot\assets\packages\emailtemplates\src\components\subcomponents\_languageSelector.vue
FNF:0
FNH:0
DA:3,1
DA:4,1
DA:5,1
DA:6,1
DA:7,1
DA:18,0
DA:19,0
DA:22,0
DA:23,0
DA:25,0
DA:26,0
DA:27,0
DA:31,0
LF:13
LH:5
BRDA:22,0,0,0
BRDA:22,0,1,0
BRF:2
BRH:0
end_of_record
TN:
SF:C:\Developement\LimeSurveyDevelop\webroot\assets\packages\emailtemplates\src\helperComponents\AceEditor.vue
FN:32,(anonymous_1)
FN:34,(anonymous_2)
FN:46,(anonymous_3)
FN:69,(anonymous_4)
FN:74,(anonymous_5)
FN:81,(anonymous_6)
FN:100,(anonymous_7)
FN:110,(anonymous_8)
FN:114,(anonymous_9)
FNF:9
FNH:0
FNDA:0,(anonymous_1)
FNDA:0,(anonymous_2)
FNDA:0,(anonymous_3)
FNDA:0,(anonymous_4)
FNDA:0,(anonymous_5)
FNDA:0,(anonymous_6)
FNDA:0,(anonymous_7)
FNDA:0,(anonymous_8)
FNDA:0,(anonymous_9)
DA:20,1
DA:32,0
DA:35,0
DA:47,0
DA:56,0
DA:57,0
DA:59,0
DA:61,0
DA:64,0
DA:65,0
DA:70,0
DA:71,0
DA:75,0
DA:76,0
DA:77,0
DA:82,0
DA:83,0
DA:86,0
DA:89,0
DA:91,0
DA:93,0
DA:94,0
DA:95,0
DA:97,0
DA:98,0
DA:100,0
DA:101,0
DA:102,0
DA:103,0
DA:106,0
DA:107,0
DA:110,0
DA:111,0
DA:114,0
DA:115,0
DA:116,0
DA:117,0
LF:37
LH:1
BRDA:56,0,0,0
BRDA:56,0,1,0
BRDA:70,1,0,0
BRDA:70,1,1,0
BRDA:75,2,0,0
BRDA:75,2,1,0
BRDA:75,3,0,0
BRDA:75,3,1,0
BRDA:76,4,0,0
BRDA:76,4,1,0
BRDA:97,5,0,0
BRDA:97,5,1,0
BRDA:106,6,0,0
BRDA:106,6,1,0
BRF:14
BRH:0
end_of_record
