TN:
SF:C:\Developement\LimeSurveyDevelop\webroot\assets\packages\emailtemplates\src\EmailTemplatesApp.vue
FN:179,(anonymous_1)
FN:205,(anonymous_2)
FN:215,(anonymous_3)
FN:281,(anonymous_4)
FN:288,(anonymous_5)
FN:300,(anonymous_6)
FN:305,(anonymous_7)
FNF:7
FNH:0
FNDA:0,(anonymous_1)
FNDA:0,(anonymous_2)
FNDA:0,(anonymous_3)
FNDA:0,(anonymous_4)
FNDA:0,(anonymous_5)
FNDA:0,(anonymous_6)
FNDA:0,(anonymous_7)
DA:68,0
DA:69,0
DA:70,0
DA:72,0
DA:73,0
DA:74,0
DA:76,0
DA:77,0
DA:87,0
DA:103,0
DA:107,0
DA:108,0
DA:109,0
DA:110,0
DA:111,0
DA:114,0
DA:117,0
DA:118,0
DA:120,0
DA:125,0
DA:129,0
DA:130,0
DA:131,0
DA:132,0
DA:133,0
DA:134,0
DA:136,0
DA:140,0
DA:143,0
DA:144,0
DA:146,0
DA:151,0
DA:154,0
DA:155,0
DA:157,0
DA:159,0
DA:164,0
DA:165,0
DA:167,0
DA:168,0
DA:171,0
DA:174,0
DA:175,0
DA:176,0
DA:177,0
DA:178,0
DA:179,0
DA:182,0
DA:183,0
DA:186,0
DA:187,0
DA:190,0
DA:191,0
DA:192,0
DA:193,0
DA:197,0
DA:198,0
DA:199,0
DA:200,0
DA:204,0
DA:205,0
DA:207,0
DA:208,0
DA:209,0
DA:212,0
DA:213,0
DA:214,0
DA:217,0
DA:218,0
DA:219,0
DA:225,0
DA:226,0
DA:229,0
DA:230,0
DA:231,0
DA:232,0
DA:233,0
DA:234,0
DA:235,0
DA:239,0
DA:240,0
DA:242,0
DA:245,0
DA:246,0
DA:249,0
DA:258,0
DA:259,0
DA:260,0
DA:261,0
DA:265,0
DA:281,0
DA:283,0
DA:284,0
DA:286,0
DA:287,0
DA:290,0
DA:291,0
DA:297,0
DA:298,0
DA:300,0
DA:301,0
DA:304,0
DA:305,0
DA:306,0
DA:309,0
LF:105
LH:0
BRDA:109,0,0,0
BRDA:109,0,1,0
BRDA:117,1,0,0
BRDA:117,1,1,0
BRDA:131,2,0,0
BRDA:131,2,1,0
BRDA:133,3,0,0
BRDA:133,3,1,0
BRDA:143,4,0,0
BRDA:143,4,1,0
BRDA:163,5,0,0
BRDA:164,6,0,0
BRDA:164,6,1,0
BRDA:164,7,0,0
BRDA:164,7,1,0
BRDA:167,8,0,0
BRDA:167,8,1,0
BRDA:192,9,0,0
BRDA:192,9,1,0
BRDA:199,10,0,0
BRDA:199,10,1,0
BRDA:203,11,0,0
BRDA:208,12,0,0
BRDA:208,12,1,0
BRDA:260,13,0,0
BRDA:260,13,1,0
BRDA:283,14,0,0
BRDA:283,14,1,0
BRDA:304,15,0,0
BRDA:304,15,1,0
BRF:30
BRH:0
end_of_record
TN:
SF:C:\Developement\LimeSurveyDevelop\webroot\assets\packages\emailtemplates\src\components\FileSelectModal.vue
FN:21,(anonymous_1)
FN:24,(anonymous_2)
FN:33,(anonymous_3)
FN:39,(anonymous_4)
FN:43,(anonymous_5)
FN:54,(anonymous_6)
FNF:6
FNH:5
FNDA:6,(anonymous_1)
FNDA:6,(anonymous_2)
FNDA:0,(anonymous_3)
FNDA:15,(anonymous_4)
FNDA:3,(anonymous_5)
FNDA:6,(anonymous_6)
DA:2,1
DA:8,6
DA:16,7
DA:21,6
DA:22,6
DA:30,6
DA:31,6
DA:32,6
DA:34,0
DA:39,40
DA:42,3
DA:43,5
DA:45,1
DA:49,1
DA:50,1
DA:54,6
DA:55,6
LF:17
LH:16
BRDA:42,0,0,2
BRDA:42,0,1,1
BRF:2
BRH:2
end_of_record
TN:
SF:C:\Developement\LimeSurveyDevelop\webroot\assets\packages\emailtemplates\src\components\ValidationScreen.vue
FN:38,(anonymous_1)
FN:43,(anonymous_2)
FNF:2
FNH:1
FNDA:5,(anonymous_1)
FNDA:0,(anonymous_2)
DA:2,1
DA:11,5
DA:20,18
DA:21,18
DA:22,18
DA:23,18
DA:24,18
DA:25,1
DA:26,1
DA:30,1
DA:31,1
DA:33,18
DA:37,5
DA:38,5
DA:40,5
DA:41,5
DA:42,5
DA:45,0
DA:46,0
LF:19
LH:17
BRF:0
BRH:0
end_of_record
TN:
SF:C:\Developement\LimeSurveyDevelop\webroot\assets\packages\emailtemplates\src\components\subcomponents\_languageSelector.vue
FNF:0
FNH:0
DA:3,0
DA:4,0
DA:5,0
DA:6,0
DA:7,0
DA:18,0
DA:19,0
DA:22,0
DA:23,0
DA:25,0
DA:26,0
DA:27,0
DA:31,0
LF:13
LH:0
BRDA:22,0,0,0
BRDA:22,0,1,0
BRF:2
BRH:0
end_of_record
TN:
SF:C:\Developement\LimeSurveyDevelop\webroot\assets\packages\emailtemplates\src\helperComponents\AceEditor.vue
FN:32,(anonymous_1)
FN:34,(anonymous_2)
FN:46,(anonymous_3)
FN:69,(anonymous_4)
FN:74,(anonymous_5)
FN:81,(anonymous_6)
FN:100,(anonymous_7)
FN:110,(anonymous_8)
FN:114,(anonymous_9)
FNF:9
FNH:0
FNDA:0,(anonymous_1)
FNDA:0,(anonymous_2)
FNDA:0,(anonymous_3)
FNDA:0,(anonymous_4)
FNDA:0,(anonymous_5)
FNDA:0,(anonymous_6)
FNDA:0,(anonymous_7)
FNDA:0,(anonymous_8)
FNDA:0,(anonymous_9)
DA:20,0
DA:32,0
DA:35,0
DA:47,0
DA:56,0
DA:57,0
DA:59,0
DA:61,0
DA:64,0
DA:65,0
DA:70,0
DA:71,0
DA:75,0
DA:76,0
DA:77,0
DA:82,0
DA:83,0
DA:86,0
DA:89,0
DA:91,0
DA:93,0
DA:94,0
DA:95,0
DA:97,0
DA:98,0
DA:100,0
DA:101,0
DA:102,0
DA:103,0
DA:106,0
DA:107,0
DA:110,0
DA:111,0
DA:114,0
DA:115,0
DA:116,0
DA:117,0
LF:37
LH:0
BRDA:56,0,0,0
BRDA:56,0,1,0
BRDA:70,1,0,0
BRDA:70,1,1,0
BRDA:75,2,0,0
BRDA:75,2,1,0
BRDA:75,3,0,0
BRDA:75,3,1,0
BRDA:76,4,0,0
BRDA:76,4,1,0
BRDA:97,5,0,0
BRDA:97,5,1,0
BRDA:106,6,0,0
BRDA:106,6,1,0
BRF:14
BRH:0
end_of_record
